  API.cpp
  ModuleWindow.cpp
C:\Users\Michael\source\repos\Phantom\ModuleWindow.cpp(55,90): warning C4244: “参数”: 从“double”转换到“int”，可能丢失数据
C:\Users\Michael\source\repos\Phantom\ModuleWindow.cpp(55,61): warning C4244: “参数”: 从“double”转换到“int”，可能丢失数据
C:\Users\Michael\source\repos\Phantom\ModuleWindow.cpp(74,11): warning C4244: “初始化”: 从“double”转换到“int”，可能丢失数据
C:\Users\Michael\source\repos\Phantom\ModuleWindow.cpp(75,11): warning C4244: “初始化”: 从“double”转换到“int”，可能丢失数据
  ProcessManage.cpp
C:\Users\Michael\source\repos\Phantom\ProcessManage.cpp(85,20): warning C4018: “<”: 有符号/无符号不匹配
C:\Users\Michael\source\repos\Phantom\ProcessManage.cpp(153,20): warning C4018: “<”: 有符号/无符号不匹配
C:\Users\Michael\source\repos\Phantom\ProcessManage.cpp(374,20): warning C4018: “<”: 有符号/无符号不匹配
C:\Users\Michael\source\repos\Phantom\ProcessManage.cpp(395,20): warning C4018: “<”: 有符号/无符号不匹配
C:\Users\Michael\source\repos\Phantom\ProcessManage.cpp(425,20): warning C4018: “<”: 有符号/无符号不匹配
C:\Users\Michael\source\repos\Phantom\ProcessManage.cpp(480,20): warning C4018: “<”: 有符号/无符号不匹配
C:\Users\Michael\source\repos\Phantom\ProcessManage.cpp(551,20): warning C4018: “<”: 有符号/无符号不匹配
C:\Users\Michael\source\repos\Phantom\ProcessManage.cpp(569,20): warning C4018: “<”: 有符号/无符号不匹配
  main.cpp
C:\Users\Michael\source\repos\Phantom\main.cpp(107,30): warning C4146: 一元负运算符应用于无符号类型，结果仍为无符号类型
  正在生成代码...
C:\Users\Michael\source\repos\Phantom\ProcessManage.cpp(657,1): warning C4715: “ProcessManage::ProcessInfo::InitModuleList”: 不是所有的控件路径都返回值
  Phantom_ARK.vcxproj -> C:\Users\Michael\source\repos\Phantom\Debug\Phantom_ARK.exe
